This is pdfTeX, Version 3.14159265-2.6-1.40.21 (TeX Live 2020/W32TeX) (preloaded format=pdflatex 2021.1.13)  4 FEB 2021 15:35
entering extended mode
 restricted \write18 enabled.
 %&-line parsing enabled.
**drimmR.tex
(./drimmR.tex
LaTeX2e <2020-10-01> patch level 4
L3 programming layer <2021-01-09> xparse <2020-03-03>
(c:/Users/seillale/Documents/R/R-4.0.2/share/texmf/tex/latex/jss.cls
Document Class: jss 2015/09/01 3.0 jss class by Achim Zeileis

(c:/Users/seillale/AppData/Roaming/TinyTeX/texmf-dist/tex/latex/base/article.cl
s
Document Class: article 2020/04/10 v1.4m Standard LaTeX document class

(c:/Users/seillale/AppData/Roaming/TinyTeX/texmf-dist/tex/latex/base/size11.clo
File: size11.clo 2020/04/10 v1.4m Standard LaTeX file (size option)
)
\c@part=\count177
\c@section=\count178
\c@subsection=\count179
\c@subsubsection=\count180
\c@paragraph=\count181
\c@subparagraph=\count182
\c@figure=\count183
\c@table=\count184
\abovecaptionskip=\skip47
\belowcaptionskip=\skip48
\bibindent=\dimen138
)
(c:/Users/seillale/AppData/Roaming/TinyTeX/texmf-dist/tex/latex/graphics/graphi
cx.sty
Package: graphicx 2020/09/09 v1.2b Enhanced LaTeX Graphics (DPC,SPQR)

(c:/Users/seillale/AppData/Roaming/TinyTeX/texmf-dist/tex/latex/graphics/keyval
.sty
Package: keyval 2014/10/28 v1.15 key=value parser (DPC)
\KV@toks@=\toks15
)
(c:/Users/seillale/AppData/Roaming/TinyTeX/texmf-dist/tex/latex/graphics/graphi
cs.sty
Package: graphics 2020/08/30 v1.4c Standard LaTeX Graphics (DPC,SPQR)

(c:/Users/seillale/AppData/Roaming/TinyTeX/texmf-dist/tex/latex/graphics/trig.s
ty
Package: trig 2016/01/03 v1.10 sin cos tan (DPC)
)
(c:/Users/seillale/AppData/Roaming/TinyTeX/texmf-dist/tex/latex/graphics-cfg/gr
aphics.cfg
File: graphics.cfg 2016/06/04 v1.11 sample graphics configuration
)
Package graphics Info: Driver file: pdftex.def on input line 105.

(c:/Users/seillale/AppData/Roaming/TinyTeX/texmf-dist/tex/latex/graphics-def/pd
ftex.def
File: pdftex.def 2020/10/05 v1.2a Graphics/color driver for pdftex
))
\Gin@req@height=\dimen139
\Gin@req@width=\dimen140
)
(c:/Users/seillale/AppData/Roaming/TinyTeX/texmf-dist/tex/latex/graphics/color.
sty
Package: color 2020/02/24 v1.2b Standard LaTeX Color (DPC)

(c:/Users/seillale/AppData/Roaming/TinyTeX/texmf-dist/tex/latex/graphics-cfg/co
lor.cfg
File: color.cfg 2016/01/02 v1.6 sample color configuration
)
Package color Info: Driver file: pdftex.def on input line 147.
)
(c:/Users/seillale/AppData/Roaming/TinyTeX/texmf-dist/tex/latex/ae/ae.sty
Package: ae 2001/02/12 1.3 Almost European Computer Modern

(c:/Users/seillale/AppData/Roaming/TinyTeX/texmf-dist/tex/latex/base/fontenc.st
y
Package: fontenc 2020/08/10 v2.0s Standard LaTeX package
))
(c:/Users/seillale/AppData/Roaming/TinyTeX/texmf-dist/tex/latex/fancyvrb/fancyv
rb.sty
Package: fancyvrb 2021/01/20 v3.7 verbatim text (tvz,hv)
\FV@CodeLineNo=\count185
\FV@InFile=\read2
\FV@TabBox=\box47
\c@FancyVerbLine=\count186
\FV@StepNumber=\count187
\FV@OutFile=\write3
)
(c:/Users/seillale/AppData/Roaming/TinyTeX/texmf-dist/tex/latex/base/fontenc.st
y
Package: fontenc 2020/08/10 v2.0s Standard LaTeX package
LaTeX Font Info:    Trying to load font information for T1+aer on input line 11
2.
 (c:/Users/seillale/AppData/Roaming/TinyTeX/texmf-dist/tex/latex/ae/t1aer.fd
File: t1aer.fd 1997/11/16 Font definitions for T1/aer.
)) (./natbib.sty
Package: natbib 2000/07/24 7.0a (PWD)
\bibhang=\skip49
\bibsep=\skip50
LaTeX Info: Redefining \cite on input line 508.
\c@NAT@ctr=\count188
)
\footerskip=\skip51

(c:/Users/seillale/AppData/Roaming/TinyTeX/texmf-dist/tex/latex/hyperref/hyperr
ef.sty
Package: hyperref 2020-05-15 v7.00e Hypertext links for LaTeX

(c:/Users/seillale/AppData/Roaming/TinyTeX/texmf-dist/tex/generic/ltxcmds/ltxcm
ds.sty
Package: ltxcmds 2020-05-10 v1.25 LaTeX kernel commands for general use (HO)
)
(c:/Users/seillale/AppData/Roaming/TinyTeX/texmf-dist/tex/generic/iftex/iftex.s
ty
Package: iftex 2020/03/06 v1.0d TeX engine tests
)
(c:/Users/seillale/AppData/Roaming/TinyTeX/texmf-dist/tex/generic/pdftexcmds/pd
ftexcmds.sty
Package: pdftexcmds 2020-06-27 v0.33 Utility functions of pdfTeX for LuaTeX (HO
)

(c:/Users/seillale/AppData/Roaming/TinyTeX/texmf-dist/tex/generic/infwarerr/inf
warerr.sty
Package: infwarerr 2019/12/03 v1.5 Providing info/warning/error messages (HO)
)
Package pdftexcmds Info: \pdf@primitive is available.
Package pdftexcmds Info: \pdf@ifprimitive is available.
Package pdftexcmds Info: \pdfdraftmode found.
)
(c:/Users/seillale/AppData/Roaming/TinyTeX/texmf-dist/tex/generic/kvsetkeys/kvs
etkeys.sty
Package: kvsetkeys 2019/12/15 v1.18 Key value parser (HO)
)
(c:/Users/seillale/AppData/Roaming/TinyTeX/texmf-dist/tex/generic/kvdefinekeys/
kvdefinekeys.sty
Package: kvdefinekeys 2019-12-19 v1.6 Define keys (HO)
)
(c:/Users/seillale/AppData/Roaming/TinyTeX/texmf-dist/tex/generic/pdfescape/pdf
escape.sty
Package: pdfescape 2019/12/09 v1.15 Implements pdfTeX's escape features (HO)
)
(c:/Users/seillale/AppData/Roaming/TinyTeX/texmf-dist/tex/latex/hycolor/hycolor
.sty
Package: hycolor 2020-01-27 v1.10 Color options for hyperref/bookmark (HO)
)
(c:/Users/seillale/AppData/Roaming/TinyTeX/texmf-dist/tex/latex/letltxmacro/let
ltxmacro.sty
Package: letltxmacro 2019/12/03 v1.6 Let assignment for LaTeX macros (HO)
)
(c:/Users/seillale/AppData/Roaming/TinyTeX/texmf-dist/tex/latex/auxhook/auxhook
.sty
Package: auxhook 2019-12-17 v1.6 Hooks for auxiliary files (HO)
)
(c:/Users/seillale/AppData/Roaming/TinyTeX/texmf-dist/tex/latex/kvoptions/kvopt
ions.sty
Package: kvoptions 2020-10-07 v3.14 Key value format for package options (HO)
)
\@linkdim=\dimen141
\Hy@linkcounter=\count189
\Hy@pagecounter=\count190

(c:/Users/seillale/AppData/Roaming/TinyTeX/texmf-dist/tex/latex/hyperref/pd1enc
.def
File: pd1enc.def 2020-05-15 v7.00e Hyperref: PDFDocEncoding definition (HO)
Now handling font encoding PD1 ...
... no UTF-8 mapping file for font encoding PD1
)
(c:/Users/seillale/AppData/Roaming/TinyTeX/texmf-dist/tex/generic/intcalc/intca
lc.sty
Package: intcalc 2019/12/15 v1.3 Expandable calculations with integers (HO)
)
(c:/Users/seillale/AppData/Roaming/TinyTeX/texmf-dist/tex/generic/etexcmds/etex
cmds.sty
Package: etexcmds 2019/12/15 v1.7 Avoid name clashes with e-TeX commands (HO)
)
\Hy@SavedSpaceFactor=\count191
Package hyperref Info: Hyper figures OFF on input line 4464.
Package hyperref Info: Link nesting OFF on input line 4469.
Package hyperref Info: Hyper index ON on input line 4472.
Package hyperref Info: Plain pages OFF on input line 4479.
Package hyperref Info: Backreferencing OFF on input line 4484.
Package hyperref Info: Implicit mode ON; LaTeX internals redefined.
Package hyperref Info: Bookmarks ON on input line 4717.
\c@Hy@tempcnt=\count192

(c:/Users/seillale/AppData/Roaming/TinyTeX/texmf-dist/tex/latex/url/url.sty
\Urlmuskip=\muskip16
Package: url 2013/09/16  ver 3.4  Verb mode for urls, etc.
)
LaTeX Info: Redefining \url on input line 5076.
\XeTeXLinkMargin=\dimen142

(c:/Users/seillale/AppData/Roaming/TinyTeX/texmf-dist/tex/generic/bitset/bitset
.sty
Package: bitset 2019/12/09 v1.3 Handle bit-vector datatype (HO)

(c:/Users/seillale/AppData/Roaming/TinyTeX/texmf-dist/tex/generic/bigintcalc/bi
gintcalc.sty
Package: bigintcalc 2019/12/15 v1.5 Expandable calculations on big integers (HO
)
))
\Fld@menulength=\count193
\Field@Width=\dimen143
\Fld@charsize=\dimen144
Package hyperref Info: Hyper figures OFF on input line 6347.
Package hyperref Info: Link nesting OFF on input line 6352.
Package hyperref Info: Hyper index ON on input line 6355.
Package hyperref Info: backreferencing OFF on input line 6362.
Package hyperref Info: Link coloring OFF on input line 6367.
Package hyperref Info: Link coloring with OCG OFF on input line 6372.
Package hyperref Info: PDF/A mode OFF on input line 6377.
LaTeX Info: Redefining \ref on input line 6417.
LaTeX Info: Redefining \pageref on input line 6421.

(c:/Users/seillale/AppData/Roaming/TinyTeX/texmf-dist/tex/latex/base/atbegshi-l
tx.sty
Package: atbegshi-ltx 2020/08/17 v1.0a Emulation of the original atbegshi packa
ge
with kernel methods
)
\Hy@abspage=\count194
\c@Item=\count195
\c@Hfootnote=\count196
)
Package hyperref Info: Driver (autodetected): hpdftex.

(c:/Users/seillale/AppData/Roaming/TinyTeX/texmf-dist/tex/latex/hyperref/hpdfte
x.def
File: hpdftex.def 2020-05-15 v7.00e Hyperref driver for pdfTeX

(c:/Users/seillale/AppData/Roaming/TinyTeX/texmf-dist/tex/latex/base/atveryend-
ltx.sty
Package: atveryend-ltx 2020/08/19 v1.0a Emulation of the original atvery packag
e
with kernel methods
)
\Fld@listcount=\count197
\c@bookmark@seq@number=\count198

(c:/Users/seillale/AppData/Roaming/TinyTeX/texmf-dist/tex/latex/rerunfilecheck/
rerunfilecheck.sty
Package: rerunfilecheck 2019/12/05 v1.9 Rerun checks for auxiliary files (HO)

(c:/Users/seillale/AppData/Roaming/TinyTeX/texmf-dist/tex/generic/uniquecounter
/uniquecounter.sty
Package: uniquecounter 2019/12/15 v1.4 Provide unlimited unique counter (HO)
)
Package uniquecounter Info: New unique counter `rerunfilecheck' on input line 2
86.
)
\Hy@SectionHShift=\skip52
)
\preXLskip=\skip53
\preLskip=\skip54
\preMskip=\skip55
\preSskip=\skip56
\postMskip=\skip57
\postSskip=\skip58


Package hyperref Warning: Option `hyperindex' has already been used,
(hyperref)                setting the option has no effect on input line 446.

Package hyperref Info: Option `colorlinks' set `true' on input line 446.
Package hyperref Info: Option `linktocpage' set `true' on input line 446.
Package hyperref Info: Option `plainpages' set `false' on input line 446.
)
(c:/Users/seillale/AppData/Roaming/TinyTeX/texmf-dist/tex/latex/framed/framed.s
ty
Package: framed 2011/10/22 v 0.96: framed or shaded text with page breaks
\OuterFrameSep=\skip59
\fb@frw=\dimen145
\fb@frh=\dimen146
\FrameRule=\dimen147
\FrameSep=\dimen148
)
(c:/Users/seillale/AppData/Roaming/TinyTeX/texmf-dist/tex/latex/base/alltt.sty
Package: alltt 1997/06/16 v2.0g defines alltt environment
)
(c:/Users/seillale/AppData/Roaming/TinyTeX/texmf-dist/tex/generic/thumbpdf/thum
bpdf.sty
Package: thumbpdf 2018/09/07 v3.17 Inclusion of thumbnails (HO)
THUMBPDF: Compressed PDF objects of PDF 1.5 are not supported
)
(c:/Users/seillale/AppData/Roaming/TinyTeX/texmf-dist/tex/latex/lm/lmodern.sty
Package: lmodern 2009/10/30 v1.6 Latin Modern Fonts
LaTeX Font Info:    Overwriting symbol font `operators' in version `normal'
(Font)                  OT1/cmr/m/n --> OT1/lmr/m/n on input line 22.
LaTeX Font Info:    Overwriting symbol font `letters' in version `normal'
(Font)                  OML/cmm/m/it --> OML/lmm/m/it on input line 23.
LaTeX Font Info:    Overwriting symbol font `symbols' in version `normal'
(Font)                  OMS/cmsy/m/n --> OMS/lmsy/m/n on input line 24.
LaTeX Font Info:    Overwriting symbol font `largesymbols' in version `normal'
(Font)                  OMX/cmex/m/n --> OMX/lmex/m/n on input line 25.
LaTeX Font Info:    Overwriting symbol font `operators' in version `bold'
(Font)                  OT1/cmr/bx/n --> OT1/lmr/bx/n on input line 26.
LaTeX Font Info:    Overwriting symbol font `letters' in version `bold'
(Font)                  OML/cmm/b/it --> OML/lmm/b/it on input line 27.
LaTeX Font Info:    Overwriting symbol font `symbols' in version `bold'
(Font)                  OMS/cmsy/b/n --> OMS/lmsy/b/n on input line 28.
LaTeX Font Info:    Overwriting symbol font `largesymbols' in version `bold'
(Font)                  OMX/cmex/m/n --> OMX/lmex/m/n on input line 29.
LaTeX Font Info:    Overwriting math alphabet `\mathbf' in version `normal'
(Font)                  OT1/cmr/bx/n --> OT1/lmr/bx/n on input line 31.
LaTeX Font Info:    Overwriting math alphabet `\mathsf' in version `normal'
(Font)                  OT1/cmss/m/n --> OT1/lmss/m/n on input line 32.
LaTeX Font Info:    Overwriting math alphabet `\mathit' in version `normal'
(Font)                  OT1/cmr/m/it --> OT1/lmr/m/it on input line 33.
LaTeX Font Info:    Overwriting math alphabet `\mathtt' in version `normal'
(Font)                  OT1/cmtt/m/n --> OT1/lmtt/m/n on input line 34.
LaTeX Font Info:    Overwriting math alphabet `\mathbf' in version `bold'
(Font)                  OT1/cmr/bx/n --> OT1/lmr/bx/n on input line 35.
LaTeX Font Info:    Overwriting math alphabet `\mathsf' in version `bold'
(Font)                  OT1/cmss/bx/n --> OT1/lmss/bx/n on input line 36.
LaTeX Font Info:    Overwriting math alphabet `\mathit' in version `bold'
(Font)                  OT1/cmr/bx/it --> OT1/lmr/bx/it on input line 37.
LaTeX Font Info:    Overwriting math alphabet `\mathtt' in version `bold'
(Font)                  OT1/cmtt/m/n --> OT1/lmtt/m/n on input line 38.
)
(c:/Users/seillale/AppData/Roaming/TinyTeX/texmf-dist/tex/latex/amsmath/amsmath
.sty
Package: amsmath 2020/09/23 v2.17i AMS math features
\@mathmargin=\skip60

For additional information on amsmath, use the `?' option.

(c:/Users/seillale/AppData/Roaming/TinyTeX/texmf-dist/tex/latex/amsmath/amstext
.sty
Package: amstext 2000/06/29 v2.01 AMS text

(c:/Users/seillale/AppData/Roaming/TinyTeX/texmf-dist/tex/latex/amsmath/amsgen.
sty
File: amsgen.sty 1999/11/30 v2.0 generic functions
\@emptytoks=\toks16
\ex@=\dimen149
))
(c:/Users/seillale/AppData/Roaming/TinyTeX/texmf-dist/tex/latex/amsmath/amsbsy.
sty
Package: amsbsy 1999/11/29 v1.2d Bold Symbols
\pmbraise@=\dimen150
)
(c:/Users/seillale/AppData/Roaming/TinyTeX/texmf-dist/tex/latex/amsmath/amsopn.
sty
Package: amsopn 2016/03/08 v2.02 operator names
)
\inf@bad=\count199
LaTeX Info: Redefining \frac on input line 234.
\uproot@=\count266
\leftroot@=\count267
LaTeX Info: Redefining \overline on input line 399.
\classnum@=\count268
\DOTSCASE@=\count269
LaTeX Info: Redefining \ldots on input line 496.
LaTeX Info: Redefining \dots on input line 499.
LaTeX Info: Redefining \cdots on input line 620.
\Mathstrutbox@=\box48
\strutbox@=\box49
\big@size=\dimen151
LaTeX Font Info:    Redeclaring font encoding OML on input line 743.
LaTeX Font Info:    Redeclaring font encoding OMS on input line 744.
\macc@depth=\count270
\c@MaxMatrixCols=\count271
\dotsspace@=\muskip17
\c@parentequation=\count272
\dspbrk@lvl=\count273
\tag@help=\toks17
\row@=\count274
\column@=\count275
\maxfields@=\count276
\andhelp@=\toks18
\eqnshift@=\dimen152
\alignsep@=\dimen153
\tagshift@=\dimen154
\tagwidth@=\dimen155
\totwidth@=\dimen156
\lineht@=\dimen157
\@envbody=\toks19
\multlinegap=\skip61
\multlinetaggap=\skip62
\mathdisplay@stack=\toks20
LaTeX Info: Redefining \[ on input line 2923.
LaTeX Info: Redefining \] on input line 2924.
)
(c:/Users/seillale/AppData/Roaming/TinyTeX/texmf-dist/tex/latex/amsfonts/amsfon
ts.sty
Package: amsfonts 2013/01/14 v3.01 Basic AMSFonts support
\symAMSa=\mathgroup4
\symAMSb=\mathgroup5
LaTeX Font Info:    Redeclaring math symbol \hbar on input line 98.
LaTeX Font Info:    Overwriting math alphabet `\mathfrak' in version `bold'
(Font)                  U/euf/m/n --> U/euf/b/n on input line 106.
)
(c:/Users/seillale/AppData/Roaming/TinyTeX/texmf-dist/tex/latex/amsfonts/amssym
b.sty
Package: amssymb 2013/01/14 v3.01 AMS font symbols
)
\c@prop=\count277

(c:/Users/seillale/AppData/Roaming/TinyTeX/texmf-dist/tex/latex/doublestroke/ds
font.sty
Package: dsfont 1995/08/01 v0.1 Double stroke roman fonts
)
\c@definition=\count278

(c:/Users/seillale/AppData/Roaming/TinyTeX/texmf-dist/tex/latex/listings/listin
gs.sty
\lst@mode=\count279
\lst@gtempboxa=\box50
\lst@token=\toks21
\lst@length=\count280
\lst@currlwidth=\dimen158
\lst@column=\count281
\lst@pos=\count282
\lst@lostspace=\dimen159
\lst@width=\dimen160
\lst@newlines=\count283
\lst@lineno=\count284
\lst@maxwidth=\dimen161

(c:/Users/seillale/AppData/Roaming/TinyTeX/texmf-dist/tex/latex/listings/lstmis
c.sty
File: lstmisc.sty 2020/03/24 1.8d (Carsten Heinz)
\c@lstnumber=\count285
\lst@skipnumbers=\count286
\lst@framebox=\box51
)
(c:/Users/seillale/AppData/Roaming/TinyTeX/texmf-dist/tex/latex/listings/listin
gs.cfg
File: listings.cfg 2020/03/24 1.8d listings configuration
))
Package: listings 2020/03/24 1.8d (Carsten Heinz)

(c:/Users/seillale/AppData/Roaming/TinyTeX/texmf-dist/tex/latex/listings/lstlan
g1.sty
File: lstlang1.sty 2020/03/24 1.8d listings language file
)
(c:/Users/seillale/AppData/Roaming/TinyTeX/texmf-dist/tex/latex/listings/lstlan
g2.sty
File: lstlang2.sty 2020/03/24 1.8d listings language file
)
(c:/Users/seillale/AppData/Roaming/TinyTeX/texmf-dist/tex/latex/listings/lstlan
g3.sty
File: lstlang3.sty 2020/03/24 1.8d listings language file
)
LaTeX Font Info:    Trying to load font information for T1+lmr on input line 15
0.

(c:/Users/seillale/AppData/Roaming/TinyTeX/texmf-dist/tex/latex/lm/t1lmr.fd
File: t1lmr.fd 2009/10/30 v1.6 Font defs for Latin Modern
)
(c:/Users/seillale/AppData/Roaming/TinyTeX/texmf-dist/tex/latex/l3backend/l3bac
kend-pdftex.def
File: l3backend-pdftex.def 2021-01-09 L3 backend support: PDF output (pdfTeX)
\l__kernel_color_stack_int=\count287
\l__pdf_internal_box=\box52
) (./drimmR.aux)
\openout1 = `drimmR.aux'.

LaTeX Font Info:    Checking defaults for OML/cmm/m/it on input line 150.
LaTeX Font Info:    ... okay on input line 150.
LaTeX Font Info:    Checking defaults for OMS/cmsy/m/n on input line 150.
LaTeX Font Info:    ... okay on input line 150.
LaTeX Font Info:    Checking defaults for OT1/cmr/m/n on input line 150.
LaTeX Font Info:    ... okay on input line 150.
LaTeX Font Info:    Checking defaults for T1/cmr/m/n on input line 150.
LaTeX Font Info:    ... okay on input line 150.
LaTeX Font Info:    Checking defaults for TS1/cmr/m/n on input line 150.
LaTeX Font Info:    ... okay on input line 150.
LaTeX Font Info:    Checking defaults for OMX/cmex/m/n on input line 150.
LaTeX Font Info:    ... okay on input line 150.
LaTeX Font Info:    Checking defaults for U/cmr/m/n on input line 150.
LaTeX Font Info:    ... okay on input line 150.
LaTeX Font Info:    Checking defaults for PD1/pdf/m/n on input line 150.
LaTeX Font Info:    ... okay on input line 150.

(c:/Users/seillale/AppData/Roaming/TinyTeX/texmf-dist/tex/latex/epstopdf-pkg/ep
stopdf-base.sty
Package: epstopdf-base 2020-01-24 v2.11 Base part for package epstopdf
Package epstopdf-base Info: Redefining graphics rule for `.eps' on input line 4
85.

(c:/Users/seillale/AppData/Roaming/TinyTeX/texmf-dist/tex/latex/latexconfig/eps
topdf-sys.cfg
File: epstopdf-sys.cfg 2010/07/13 v1.3 Configuration of (r)epstopdf for TeX Liv
e
))
LaTeX Font Info:    Trying to load font information for T1+lmss on input line 1
50.

(c:/Users/seillale/AppData/Roaming/TinyTeX/texmf-dist/tex/latex/lm/t1lmss.fd
File: t1lmss.fd 2009/10/30 v1.6 Font defs for Latin Modern
)
LaTeX Font Info:    Trying to load font information for OT1+lmr on input line 1
50.

(c:/Users/seillale/AppData/Roaming/TinyTeX/texmf-dist/tex/latex/lm/ot1lmr.fd
File: ot1lmr.fd 2009/10/30 v1.6 Font defs for Latin Modern
)
LaTeX Font Info:    Trying to load font information for OML+lmm on input line 1
50.

(c:/Users/seillale/AppData/Roaming/TinyTeX/texmf-dist/tex/latex/lm/omllmm.fd
File: omllmm.fd 2009/10/30 v1.6 Font defs for Latin Modern
)
LaTeX Font Info:    Trying to load font information for OMS+lmsy on input line 
150.

(c:/Users/seillale/AppData/Roaming/TinyTeX/texmf-dist/tex/latex/lm/omslmsy.fd
File: omslmsy.fd 2009/10/30 v1.6 Font defs for Latin Modern
)
LaTeX Font Info:    Trying to load font information for OMX+lmex on input line 
150.

(c:/Users/seillale/AppData/Roaming/TinyTeX/texmf-dist/tex/latex/lm/omxlmex.fd
File: omxlmex.fd 2009/10/30 v1.6 Font defs for Latin Modern
)
LaTeX Font Info:    External font `lmex10' loaded for size
(Font)              <10.95> on input line 150.
LaTeX Font Info:    External font `lmex10' loaded for size
(Font)              <8> on input line 150.
LaTeX Font Info:    External font `lmex10' loaded for size
(Font)              <6> on input line 150.
LaTeX Font Info:    Trying to load font information for U+msa on input line 150
.

(c:/Users/seillale/AppData/Roaming/TinyTeX/texmf-dist/tex/latex/amsfonts/umsa.f
d
File: umsa.fd 2013/01/14 v3.01 AMS symbols A
)
LaTeX Font Info:    Trying to load font information for U+msb on input line 150
.

(c:/Users/seillale/AppData/Roaming/TinyTeX/texmf-dist/tex/latex/amsfonts/umsb.f
d
File: umsb.fd 2013/01/14 v3.01 AMS symbols B
)

Package natbib Warning: Citation `Ver08' on page 1 undefined on input line 150.



Package natbib Warning: Citation `BaVe2018' on page 1 undefined on input line 1
50.

Package hyperref Info: Link coloring ON on input line 150.

(c:/Users/seillale/AppData/Roaming/TinyTeX/texmf-dist/tex/latex/hyperref/namere
f.sty
Package: nameref 2019/09/16 v2.46 Cross-referencing by name of section

(c:/Users/seillale/AppData/Roaming/TinyTeX/texmf-dist/tex/latex/refcount/refcou
nt.sty
Package: refcount 2019/12/15 v3.6 Data extraction from label references (HO)
)
(c:/Users/seillale/AppData/Roaming/TinyTeX/texmf-dist/tex/generic/gettitlestrin
g/gettitlestring.sty
Package: gettitlestring 2019/12/15 v1.6 Cleanup title references (HO)
)
\c@section@level=\count288
)
LaTeX Info: Redefining \ref on input line 150.
LaTeX Info: Redefining \pageref on input line 150.
LaTeX Info: Redefining \nameref on input line 150.
\@outlinefile=\write4
\openout4 = `drimmR.out'.

\c@lstlisting=\count289


Package natbib Warning: Citation `Ver08' on page 1 undefined on input line 154.



Package natbib Warning: Citation `BaVe2018' on page 1 undefined on input line 1
54.


Package natbib Warning: Citation `Ver08' on page 1 undefined on input line 156.


LaTeX Font Info:    Trying to load font information for T1+lmtt on input line 1
58.
(c:/Users/seillale/AppData/Roaming/TinyTeX/texmf-dist/tex/latex/lm/t1lmtt.fd
File: t1lmtt.fd 2009/10/30 v1.6 Font defs for Latin Modern
)

Package natbib Warning: Citation `krol_semimarkov_2015' on page 1 undefined on 
input line 158.


Package natbib Warning: Citation `BaBeCeSaVe' on page 1 undefined on input line
 158.


Package natbib Warning: Citation `bulla_hsmm_2010' on page 1 undefined on input
 line 158.


Package natbib Warning: Citation `oconnell_hidden_2011' on page 1 undefined on 
input line 158.


Underfull \vbox (badness 2359) has occurred while \output is active []

 [1

{c:/Users/seillale/AppData/Roaming/TinyTeX/texmf-var/fonts/map/pdftex/updmap/pd
ftex.map}]
LaTeX Font Info:    Trying to load font information for TS1+lmr on input line 1
63.
 (c:/Users/seillale/AppData/Roaming/TinyTeX/texmf-dist/tex/latex/lm/ts1lmr.fd
File: ts1lmr.fd 2009/10/30 v1.6 Font defs for Latin Modern
)

Package natbib Warning: Citation `Kom2018' on page 2 undefined on input line 17
0.


Underfull \hbox (badness 10000) in paragraph at lines 170--171

 []


LaTeX Warning: Reference `concluding' on page 2 undefined on input line 172.


Package natbib Warning: Citation `Ver08' on page 2 undefined on input line 176.



Package natbib Warning: Citation `BaVe2018' on page 2 undefined on input line 1
76.


Package natbib Warning: Citation `Ver08' on page 2 undefined on input line 176.



Package natbib Warning: Citation `BaVe2018' on page 2 undefined on input line 1
76.

! Undefined control sequence.
<recently read> \bm 
                    
l.181 Let $\bm
              {\Pi}_0 = (\Pi_0(u, v))_{u,v \in E}$ and  $\bm{\Pi}_1 = (\Pi_1...
The control sequence at the end of the top line
of your error message was never \def'ed. If you have
misspelled it (e.g., `\hobx'), type `I' and the correct
spelling (e.g., `I\hbox'). Otherwise just continue,
and I'll forget about whatever was undefined.

! Undefined control sequence.
<recently read> \bm 
                    
l.181 ..._0 = (\Pi_0(u, v))_{u,v \in E}$ and  $\bm
                                                  {\Pi}_1 = (\Pi_1(u, v))_{u...
The control sequence at the end of the top line
of your error message was never \def'ed. If you have
misspelled it (e.g., `\hobx'), type `I' and the correct
spelling (e.g., `I\hbox'). Otherwise just continue,
and I'll forget about whatever was undefined.

! Undefined control sequence.
<recently read> \bm 
                    
l.184 ...tween the Markov transition matrices $\bm
                                                  {\Pi}_0$ and  $\bm{\Pi}_1$...
The control sequence at the end of the top line
of your error message was never \def'ed. If you have
misspelled it (e.g., `\hobx'), type `I' and the correct
spelling (e.g., `I\hbox'). Otherwise just continue,
and I'll forget about whatever was undefined.

! Undefined control sequence.
<recently read> \bm 
                    
l.184 ...ransition matrices $\bm{\Pi}_0$ and  $\bm
                                                  {\Pi}_1$ if the distributi...
The control sequence at the end of the top line
of your error message was never \def'ed. If you have
misspelled it (e.g., `\hobx'), type `I' and the correct
spelling (e.g., `I\hbox'). Otherwise just continue,
and I'll forget about whatever was undefined.


Overfull \hbox (14.69272pt too wide) in paragraph at lines 184--185
[]\T1/lmr/m/it/10.95 A se-quence $\OML/lmm/m/it/10.95 X[];$
 []


Overfull \hbox (5.47499pt too wide) has occurred while \output is active
\T1/lmr/m/n/10.95 2 []
 []

[2]
! Undefined control sequence.
<recently read> \bm 
                    
l.194 Let us denote by $\bm
                           {\alpha} = (\alpha(1), \ldots, \alpha(s))$ the \e...
The control sequence at the end of the top line
of your error message was never \def'ed. If you have
misspelled it (e.g., `\hobx'), type `I' and the correct
spelling (e.g., `I\hbox'). Otherwise just continue,
and I'll forget about whatever was undefined.

! Undefined control sequence.
<recently read> \bm 
                    
l.197 order $k$ and degree $d$. Let $\bm
                                        {\Pi}_{\frac{i}{d}} = (\bm{\Pi}_{\fr...
The control sequence at the end of the top line
of your error message was never \def'ed. If you have
misspelled it (e.g., `\hobx'), type `I' and the correct
spelling (e.g., `I\hbox'). Otherwise just continue,
and I'll forget about whatever was undefined.

! Undefined control sequence.
l.197 ...e $d$. Let $\bm{\Pi}_{\frac{i}{d}} = (\bm
                                                  {\Pi}_{\frac{i}{d}}(u_1, \...
The control sequence at the end of the top line
of your error message was never \def'ed. If you have
misspelled it (e.g., `\hobx'), type `I' and the correct
spelling (e.g., `I\hbox'). Otherwise just continue,
and I'll forget about whatever was undefined.

! Undefined control sequence.
l.203 ...1}	= u_k, X_{t-2}=u_{k-1}, \ldots ) = \bm
                                                  {\Pi}_{\frac{t}{n}}(u_1, \...
The control sequence at the end of the top line
of your error message was never \def'ed. If you have
misspelled it (e.g., `\hobx'), type `I' and the correct
spelling (e.g., `I\hbox'). Otherwise just continue,
and I'll forget about whatever was undefined.

! Undefined control sequence.
l.207 \bm
         {\Pi}_{\frac{t}{n}}(u_1, \dots, u_k, v) = \displaystyle\sum_{i=0}^d...
The control sequence at the end of the top line
of your error message was never \def'ed. If you have
misspelled it (e.g., `\hobx'), type `I' and the correct
spelling (e.g., `I\hbox'). Otherwise just continue,
and I'll forget about whatever was undefined.

! Undefined control sequence.
l.207 ... v) = \displaystyle\sum_{i=0}^d A_i(t)\bm
                                                  {\Pi}_{\frac{i}{d}}(u_1, \...
The control sequence at the end of the top line
of your error message was never \def'ed. If you have
misspelled it (e.g., `\hobx'), type `I' and the correct
spelling (e.g., `I\hbox'). Otherwise just continue,
and I'll forget about whatever was undefined.

! Undefined control sequence.
l.210 $A_i\g
            (\frac{nj}{d}\e)=\mi_{\{i=j\}}.$
The control sequence at the end of the top line
of your error message was never \def'ed. If you have
misspelled it (e.g., `\hobx'), type `I' and the correct
spelling (e.g., `I\hbox'). Otherwise just continue,
and I'll forget about whatever was undefined.

! Undefined control sequence.
l.210 $A_i\g(\frac{nj}{d}\e
                           )=\mi_{\{i=j\}}.$
The control sequence at the end of the top line
of your error message was never \def'ed. If you have
misspelled it (e.g., `\hobx'), type `I' and the correct
spelling (e.g., `I\hbox'). Otherwise just continue,
and I'll forget about whatever was undefined.

! Undefined control sequence.
l.210 $A_i\g(\frac{nj}{d}\e)=\mi
                                _{\{i=j\}}.$
The control sequence at the end of the top line
of your error message was never \def'ed. If you have
misspelled it (e.g., `\hobx'), type `I' and the correct
spelling (e.g., `I\hbox'). Otherwise just continue,
and I'll forget about whatever was undefined.

! Undefined control sequence.
<recently read> \bm 
                    
l.213 ...s implies the choice of the notation $\bm
                                                  {\Pi}_{\frac{i}{d}}$ and t...
The control sequence at the end of the top line
of your error message was never \def'ed. If you have
misspelled it (e.g., `\hobx'), type `I' and the correct
spelling (e.g., `I\hbox'). Otherwise just continue,
and I'll forget about whatever was undefined.


Package natbib Warning: Citation `Ver08' on page 3 undefined on input line 213.


! Undefined control sequence.
<recently read> \bm 
                    
l.218 ...onding partitions accordingly (e.g., $\bm
                                                  {\Pi}_0^{UU},$ $\bm{\Pi}_0...
The control sequence at the end of the top line
of your error message was never \def'ed. If you have
misspelled it (e.g., `\hobx'), type `I' and the correct
spelling (e.g., `I\hbox'). Otherwise just continue,
and I'll forget about whatever was undefined.

! Undefined control sequence.
<recently read> \bm 
                    
l.218 ...ccordingly (e.g., $\bm{\Pi}_0^{UU},$ $\bm
                                                  {\Pi}_0^{DU},$ $\bm{\alpha...
The control sequence at the end of the top line
of your error message was never \def'ed. If you have
misspelled it (e.g., `\hobx'), type `I' and the correct
spelling (e.g., `I\hbox'). Otherwise just continue,
and I'll forget about whatever was undefined.

! Undefined control sequence.
<recently read> \bm 
                    
l.218 ...\bm{\Pi}_0^{UU},$ $\bm{\Pi}_0^{DU},$ $\bm
                                                  {\alpha}^{U}$ etc.).
The control sequence at the end of the top line
of your error message was never \def'ed. If you have
misspelled it (e.g., `\hobx'), type `I' and the correct
spelling (e.g., `I\hbox'). Otherwise just continue,
and I'll forget about whatever was undefined.


! LaTeX Error: Environment proposition undefined.

See the LaTeX manual or LaTeX Companion for explanation.
Type  H <return>  for immediate help.
 ...                                              
                                                  
l.220 \begin{proposition}
                         \label{prop_RelDrift}
Your command was ignored.
Type  I <command> <return>  to replace it with another command,
or  <return>  to continue without it.

! Undefined control sequence.
l.224 R(l) = \bm
                {\alpha}^{U} \; \prod_{t=1}^l \left( \left(1 - \frac{t}{n}\r...
The control sequence at the end of the top line
of your error message was never \def'ed. If you have
misspelled it (e.g., `\hobx'), type `I' and the correct
spelling (e.g., `I\hbox'). Otherwise just continue,
and I'll forget about whatever was undefined.

! Undefined control sequence.
l.224 ...l \left( \left(1 - \frac{t}{n}\right) \bm
                                                  {\Pi}_0^{UU} + \frac{t}{n}...
The control sequence at the end of the top line
of your error message was never \def'ed. If you have
misspelled it (e.g., `\hobx'), type `I' and the correct
spelling (e.g., `I\hbox'). Otherwise just continue,
and I'll forget about whatever was undefined.

! Undefined control sequence.
l.224 ...\right) \bm{\Pi}_0^{UU} + \frac{t}{n} \bm
                                                  {\Pi}_1^{UU} \right) \; \m...
The control sequence at the end of the top line
of your error message was never \def'ed. If you have
misspelled it (e.g., `\hobx'), type `I' and the correct
spelling (e.g., `I\hbox'). Otherwise just continue,
and I'll forget about whatever was undefined.

! Undefined control sequence.
l.224 ...t}{n} \bm{\Pi}_1^{UU} \right) \; \mathbbm
                                                  {1}^U,
The control sequence at the end of the top line
of your error message was never \def'ed. If you have
misspelled it (e.g., `\hobx'), type `I' and the correct
spelling (e.g., `I\hbox'). Otherwise just continue,
and I'll forget about whatever was undefined.

! Undefined control sequence.
l.225 \textrm{ where } \mathbbm
                               {1}^U = (\underbrace{1, \cdots, 1}_{s_1})^{\t...
The control sequence at the end of the top line
of your error message was never \def'ed. If you have
misspelled it (e.g., `\hobx'), type `I' and the correct
spelling (e.g., `I\hbox'). Otherwise just continue,
and I'll forget about whatever was undefined.


! LaTeX Error: \begin{document} ended by \end{proposition}.

See the LaTeX manual or LaTeX Companion for explanation.
Type  H <return>  for immediate help.
 ...                                              
                                                  
l.228 \end{proposition}
                       
Your command was ignored.
Type  I <command> <return>  to replace it with another command,
or  <return>  to continue without it.


! LaTeX Error: Environment proposition undefined.

See the LaTeX manual or LaTeX Companion for explanation.
Type  H <return>  for immediate help.
 ...                                              
                                                  
l.230 \begin{proposition}
                         \label{prop_AvDrift}
Your command was ignored.
Type  I <command> <return>  to replace it with another command,
or  <return>  to continue without it.

! Undefined control sequence.
l.234 A(l) = \bm
                {\alpha} \; \prod_{t=1}^l \left( \left(1 - \frac{t}{n}\right...
The control sequence at the end of the top line
of your error message was never \def'ed. If you have
misspelled it (e.g., `\hobx'), type `I' and the correct
spelling (e.g., `I\hbox'). Otherwise just continue,
and I'll forget about whatever was undefined.

! Undefined control sequence.
l.234 ...l \left( \left(1 - \frac{t}{n}\right) \bm
                                                  {\Pi}_0 + \frac{t}{n} \bm{...
The control sequence at the end of the top line
of your error message was never \def'ed. If you have
misspelled it (e.g., `\hobx'), type `I' and the correct
spelling (e.g., `I\hbox'). Otherwise just continue,
and I'll forget about whatever was undefined.

! Undefined control sequence.
l.234 ...t}{n}\right) \bm{\Pi}_0 + \frac{t}{n} \bm
                                                  {\Pi}_1 \right) \; \mathbb...
The control sequence at the end of the top line
of your error message was never \def'ed. If you have
misspelled it (e.g., `\hobx'), type `I' and the correct
spelling (e.g., `I\hbox'). Otherwise just continue,
and I'll forget about whatever was undefined.

! Undefined control sequence.
l.234 ...frac{t}{n} \bm{\Pi}_1 \right) \; \mathbbm
                                                  {1}^{E,U}, \textrm{ where ...
The control sequence at the end of the top line
of your error message was never \def'ed. If you have
misspelled it (e.g., `\hobx'), type `I' and the correct
spelling (e.g., `I\hbox'). Otherwise just continue,
and I'll forget about whatever was undefined.

! Undefined control sequence.
l.234 ...hbbm{1}^{E,U}, \textrm{ where }  \mathbbm
                                                  {1}^{E,U} = (\underbrace{1...
The control sequence at the end of the top line
of your error message was never \def'ed. If you have
misspelled it (e.g., `\hobx'), type `I' and the correct
spelling (e.g., `I\hbox'). Otherwise just continue,
and I'll forget about whatever was undefined.


! LaTeX Error: \begin{document} ended by \end{proposition}.

See the LaTeX manual or LaTeX Companion for explanation.
Type  H <return>  for immediate help.
 ...                                              
                                                  
l.237 \end{proposition}
                       
Your command was ignored.
Type  I <command> <return>  to replace it with another command,
or  <return>  to continue without it.


! LaTeX Error: Environment proposition undefined.

See the LaTeX manual or LaTeX Companion for explanation.
Type  H <return>  for immediate help.
 ...                                              
                                                  
l.239 \begin{proposition}
                         \label{prop_MaintDrift}
Your command was ignored.
Type  I <command> <return>  to replace it with another command,
or  <return>  to continue without it.


Overfull \hbox (5.47499pt too wide) has occurred while \output is active
[] \T1/lmr/m/n/10.95 3
 []

[3]
! Undefined control sequence.
l.243 M(l) = 1 -  \bm
                     {\alpha}^{D} \; \prod_{t=1}^l \left( \left(1 - \frac{t}...
The control sequence at the end of the top line
of your error message was never \def'ed. If you have
misspelled it (e.g., `\hobx'), type `I' and the correct
spelling (e.g., `I\hbox'). Otherwise just continue,
and I'll forget about whatever was undefined.

! Undefined control sequence.
l.243 ...l \left( \left(1 - \frac{t}{n}\right) \bm
                                                  {\Pi}_0^{DD} + \frac{t}{n}...
The control sequence at the end of the top line
of your error message was never \def'ed. If you have
misspelled it (e.g., `\hobx'), type `I' and the correct
spelling (e.g., `I\hbox'). Otherwise just continue,
and I'll forget about whatever was undefined.

! Undefined control sequence.
l.243 ...\right) \bm{\Pi}_0^{DD} + \frac{t}{n} \bm
                                                  {\Pi}_1^{DD} \right) \; \m...
The control sequence at the end of the top line
of your error message was never \def'ed. If you have
misspelled it (e.g., `\hobx'), type `I' and the correct
spelling (e.g., `I\hbox'). Otherwise just continue,
and I'll forget about whatever was undefined.

! Undefined control sequence.
l.243 ...t}{n} \bm{\Pi}_1^{DD} \right) \; \mathbbm
                                                  {1}^D,
The control sequence at the end of the top line
of your error message was never \def'ed. If you have
misspelled it (e.g., `\hobx'), type `I' and the correct
spelling (e.g., `I\hbox'). Otherwise just continue,
and I'll forget about whatever was undefined.

! Undefined control sequence.
l.244 \textrm{ where } \mathbbm
                               {1}^D = (\underbrace{1, \cdots, 1}_{s-s_1})^{...
The control sequence at the end of the top line
of your error message was never \def'ed. If you have
misspelled it (e.g., `\hobx'), type `I' and the correct
spelling (e.g., `I\hbox'). Otherwise just continue,
and I'll forget about whatever was undefined.


! LaTeX Error: \begin{document} ended by \end{proposition}.

See the LaTeX manual or LaTeX Companion for explanation.
Type  H <return>  for immediate help.
 ...                                              
                                                  
l.247 \end{proposition}
                       
Your command was ignored.
Type  I <command> <return>  to replace it with another command,
or  <return>  to continue without it.


Package natbib Warning: Citation `BaVe2018' on page 4 undefined on input line 2
49.


Package natbib Warning: Citation `Bar2004b' on page 4 undefined on input line 2
49.


Package natbib Warning: Citation `Bar2008b' on page 4 undefined on input line 2
49.


Package natbib Warning: Citation `Ver08' on page 4 undefined on input line 260.



Package natbib Warning: Citation `BaVe2018' on page 4 undefined on input line 2
60.


! LaTeX Error: Environment proposition undefined.

See the LaTeX manual or LaTeX Companion for explanation.
Type  H <return>  for immediate help.
 ...                                              
                                                  
l.262 \begin{proposition}
                         \label{prop_B1}
Your command was ignored.
Type  I <command> <return>  to replace it with another command,
or  <return>  to continue without it.

! Undefined control sequence.
<recently read> \bm 
                    
l.263 ...kov transition matrices (of order 1) $\bm
                                                  {\Pi}_0$ and  $\bm{\Pi}_1,...
The control sequence at the end of the top line
of your error message was never \def'ed. If you have
misspelled it (e.g., `\hobx'), type `I' and the correct
spelling (e.g., `I\hbox'). Otherwise just continue,
and I'll forget about whatever was undefined.

! Undefined control sequence.
<recently read> \bm 
                    
l.263 ...rices (of order 1) $\bm{\Pi}_0$ and  $\bm
                                                  {\Pi}_1,$ for any states $...
The control sequence at the end of the top line
of your error message was never \def'ed. If you have
misspelled it (e.g., `\hobx'), type `I' and the correct
spelling (e.g., `I\hbox'). Otherwise just continue,
and I'll forget about whatever was undefined.

! Undefined control sequence.
<argument> P_1(H, \bm 
                      {m}, \bm {n}) P_2(H, \bm {m}, \bm {n}) - P_3(H, \bm {m...
l.268 ...m{m}, \bm{n}) - P_3(H, \bm{m}, \bm{n})^2}
                                                  \\
The control sequence at the end of the top line
of your error message was never \def'ed. If you have
misspelled it (e.g., `\hobx'), type `I' and the correct
spelling (e.g., `I\hbox'). Otherwise just continue,
and I'll forget about whatever was undefined.

! Undefined control sequence.
<argument> P_1(H, \bm {m}, \bm 
                               {n}) P_2(H, \bm {m}, \bm {n}) - P_3(H, \bm {m...
l.268 ...m{m}, \bm{n}) - P_3(H, \bm{m}, \bm{n})^2}
                                                  \\
The control sequence at the end of the top line
of your error message was never \def'ed. If you have
misspelled it (e.g., `\hobx'), type `I' and the correct
spelling (e.g., `I\hbox'). Otherwise just continue,
and I'll forget about whatever was undefined.

! Undefined control sequence.
<argument> P_1(H, \bm {m}, \bm {n}) P_2(H, \bm 
                                               {m}, \bm {n}) - P_3(H, \bm {m...
l.268 ...m{m}, \bm{n}) - P_3(H, \bm{m}, \bm{n})^2}
                                                  \\
The control sequence at the end of the top line
of your error message was never \def'ed. If you have
misspelled it (e.g., `\hobx'), type `I' and the correct
spelling (e.g., `I\hbox'). Otherwise just continue,
and I'll forget about whatever was undefined.

! Undefined control sequence.
<argument> ...m {m}, \bm {n}) P_2(H, \bm {m}, \bm 
                                                  {n}) - P_3(H, \bm {m}, \bm...
l.268 ...m{m}, \bm{n}) - P_3(H, \bm{m}, \bm{n})^2}
                                                  \\
The control sequence at the end of the top line
of your error message was never \def'ed. If you have
misspelled it (e.g., `\hobx'), type `I' and the correct
spelling (e.g., `I\hbox'). Otherwise just continue,
and I'll forget about whatever was undefined.

! Undefined control sequence.
<argument> ...2(H, \bm {m}, \bm {n}) - P_3(H, \bm 
                                                  {m}, \bm {n})P_4(H, \bm {m...
l.268 ...m{m}, \bm{n}) - P_3(H, \bm{m}, \bm{n})^2}
                                                  \\
The control sequence at the end of the top line
of your error message was never \def'ed. If you have
misspelled it (e.g., `\hobx'), type `I' and the correct
spelling (e.g., `I\hbox'). Otherwise just continue,
and I'll forget about whatever was undefined.

! Undefined control sequence.
<argument> ...{m}, \bm {n}) - P_3(H, \bm {m}, \bm 
                                                  {n})P_4(H, \bm {m}, \bm {n})
l.268 ...m{m}, \bm{n}) - P_3(H, \bm{m}, \bm{n})^2}
                                                  \\
The control sequence at the end of the top line
of your error message was never \def'ed. If you have
misspelled it (e.g., `\hobx'), type `I' and the correct
spelling (e.g., `I\hbox'). Otherwise just continue,
and I'll forget about whatever was undefined.

! Undefined control sequence.
<argument> ... P_3(H, \bm {m}, \bm {n})P_4(H, \bm 
                                                  {m}, \bm {n})
l.268 ...m{m}, \bm{n}) - P_3(H, \bm{m}, \bm{n})^2}
                                                  \\
The control sequence at the end of the top line
of your error message was never \def'ed. If you have
misspelled it (e.g., `\hobx'), type `I' and the correct
spelling (e.g., `I\hbox'). Otherwise just continue,
and I'll forget about whatever was undefined.

! Undefined control sequence.
<argument> ...bm {m}, \bm {n})P_4(H, \bm {m}, \bm 
                                                  {n})
l.268 ...m{m}, \bm{n}) - P_3(H, \bm{m}, \bm{n})^2}
                                                  \\
The control sequence at the end of the top line
of your error message was never \def'ed. If you have
misspelled it (e.g., `\hobx'), type `I' and the correct
spelling (e.g., `I\hbox'). Otherwise just continue,
and I'll forget about whatever was undefined.

! Undefined control sequence.
<argument> P_5(H, \bm 
                      {m}, \bm {n}) P_1(H, \bm {m}, \bm {n}) - P_3(H, \bm {m...
l.268 ...m{m}, \bm{n}) - P_3(H, \bm{m}, \bm{n})^2}
                                                  \\
The control sequence at the end of the top line
of your error message was never \def'ed. If you have
misspelled it (e.g., `\hobx'), type `I' and the correct
spelling (e.g., `I\hbox'). Otherwise just continue,
and I'll forget about whatever was undefined.

! Undefined control sequence.
<argument> P_5(H, \bm {m}, \bm 
                               {n}) P_1(H, \bm {m}, \bm {n}) - P_3(H, \bm {m...
l.268 ...m{m}, \bm{n}) - P_3(H, \bm{m}, \bm{n})^2}
                                                  \\
The control sequence at the end of the top line
of your error message was never \def'ed. If you have
misspelled it (e.g., `\hobx'), type `I' and the correct
spelling (e.g., `I\hbox'). Otherwise just continue,
and I'll forget about whatever was undefined.

! Undefined control sequence.
<argument> P_5(H, \bm {m}, \bm {n}) P_1(H, \bm 
                                               {m}, \bm {n}) - P_3(H, \bm {m...
l.268 ...m{m}, \bm{n}) - P_3(H, \bm{m}, \bm{n})^2}
                                                  \\
The control sequence at the end of the top line
of your error message was never \def'ed. If you have
misspelled it (e.g., `\hobx'), type `I' and the correct
spelling (e.g., `I\hbox'). Otherwise just continue,
and I'll forget about whatever was undefined.

! Undefined control sequence.
<argument> ...m {m}, \bm {n}) P_1(H, \bm {m}, \bm 
                                                  {n}) - P_3(H, \bm {m}, \bm...
l.268 ...m{m}, \bm{n}) - P_3(H, \bm{m}, \bm{n})^2}
                                                  \\
The control sequence at the end of the top line
of your error message was never \def'ed. If you have
misspelled it (e.g., `\hobx'), type `I' and the correct
spelling (e.g., `I\hbox'). Otherwise just continue,
and I'll forget about whatever was undefined.

! Undefined control sequence.
<argument> ...1(H, \bm {m}, \bm {n}) - P_3(H, \bm 
                                                  {m}, \bm {n})^2
l.268 ...m{m}, \bm{n}) - P_3(H, \bm{m}, \bm{n})^2}
                                                  \\
The control sequence at the end of the top line
of your error message was never \def'ed. If you have
misspelled it (e.g., `\hobx'), type `I' and the correct
spelling (e.g., `I\hbox'). Otherwise just continue,
and I'll forget about whatever was undefined.

! Undefined control sequence.
<argument> ...{m}, \bm {n}) - P_3(H, \bm {m}, \bm 
                                                  {n})^2
l.268 ...m{m}, \bm{n}) - P_3(H, \bm{m}, \bm{n})^2}
                                                  \\
The control sequence at the end of the top line
of your error message was never \def'ed. If you have
misspelled it (e.g., `\hobx'), type `I' and the correct
spelling (e.g., `I\hbox'). Otherwise just continue,
and I'll forget about whatever was undefined.

! Undefined control sequence.
<argument> P_5(H, \bm 
                      {m}, \bm {n}) P_4(H, \bm {m}, \bm {n}) - P_3(H, \bm {m...
l.270 ...m{m}, \bm{n}) - P_3(H, \bm{m}, \bm{n})^2}
                                                  ,
The control sequence at the end of the top line
of your error message was never \def'ed. If you have
misspelled it (e.g., `\hobx'), type `I' and the correct
spelling (e.g., `I\hbox'). Otherwise just continue,
and I'll forget about whatever was undefined.

! Undefined control sequence.
<argument> P_5(H, \bm {m}, \bm 
                               {n}) P_4(H, \bm {m}, \bm {n}) - P_3(H, \bm {m...
l.270 ...m{m}, \bm{n}) - P_3(H, \bm{m}, \bm{n})^2}
                                                  ,
The control sequence at the end of the top line
of your error message was never \def'ed. If you have
misspelled it (e.g., `\hobx'), type `I' and the correct
spelling (e.g., `I\hbox'). Otherwise just continue,
and I'll forget about whatever was undefined.

! Undefined control sequence.
<argument> P_5(H, \bm {m}, \bm {n}) P_4(H, \bm 
                                               {m}, \bm {n}) - P_3(H, \bm {m...
l.270 ...m{m}, \bm{n}) - P_3(H, \bm{m}, \bm{n})^2}
                                                  ,
The control sequence at the end of the top line
of your error message was never \def'ed. If you have
misspelled it (e.g., `\hobx'), type `I' and the correct
spelling (e.g., `I\hbox'). Otherwise just continue,
and I'll forget about whatever was undefined.

! Undefined control sequence.
<argument> ...m {m}, \bm {n}) P_4(H, \bm {m}, \bm 
                                                  {n}) - P_3(H, \bm {m}, \bm...
l.270 ...m{m}, \bm{n}) - P_3(H, \bm{m}, \bm{n})^2}
                                                  ,
The control sequence at the end of the top line
of your error message was never \def'ed. If you have
misspelled it (e.g., `\hobx'), type `I' and the correct
spelling (e.g., `I\hbox'). Otherwise just continue,
and I'll forget about whatever was undefined.

! Undefined control sequence.
<argument> ...4(H, \bm {m}, \bm {n}) - P_3(H, \bm 
                                                  {m}, \bm {n}) P_2(H, \bm {...
l.270 ...m{m}, \bm{n}) - P_3(H, \bm{m}, \bm{n})^2}
                                                  ,
The control sequence at the end of the top line
of your error message was never \def'ed. If you have
misspelled it (e.g., `\hobx'), type `I' and the correct
spelling (e.g., `I\hbox'). Otherwise just continue,
and I'll forget about whatever was undefined.

! Undefined control sequence.
<argument> ...{m}, \bm {n}) - P_3(H, \bm {m}, \bm 
                                                  {n}) P_2(H, \bm {m}, \bm {n})
l.270 ...m{m}, \bm{n}) - P_3(H, \bm{m}, \bm{n})^2}
                                                  ,
The control sequence at the end of the top line
of your error message was never \def'ed. If you have
misspelled it (e.g., `\hobx'), type `I' and the correct
spelling (e.g., `I\hbox'). Otherwise just continue,
and I'll forget about whatever was undefined.

! Undefined control sequence.
<argument> ...P_3(H, \bm {m}, \bm {n}) P_2(H, \bm 
                                                  {m}, \bm {n})
l.270 ...m{m}, \bm{n}) - P_3(H, \bm{m}, \bm{n})^2}
                                                  ,
The control sequence at the end of the top line
of your error message was never \def'ed. If you have
misspelled it (e.g., `\hobx'), type `I' and the correct
spelling (e.g., `I\hbox'). Otherwise just continue,
and I'll forget about whatever was undefined.

! Undefined control sequence.
<argument> ...m {m}, \bm {n}) P_2(H, \bm {m}, \bm 
                                                  {n})
l.270 ...m{m}, \bm{n}) - P_3(H, \bm{m}, \bm{n})^2}
                                                  ,
The control sequence at the end of the top line
of your error message was never \def'ed. If you have
misspelled it (e.g., `\hobx'), type `I' and the correct
spelling (e.g., `I\hbox'). Otherwise just continue,
and I'll forget about whatever was undefined.

! Undefined control sequence.
<argument> P_5(H, \bm 
                      {m}, \bm {n})P_1(H, \bm {m}, \bm {n}) - P_3(H, \bm {m}...
l.270 ...m{m}, \bm{n}) - P_3(H, \bm{m}, \bm{n})^2}
                                                  ,
The control sequence at the end of the top line
of your error message was never \def'ed. If you have
misspelled it (e.g., `\hobx'), type `I' and the correct
spelling (e.g., `I\hbox'). Otherwise just continue,
and I'll forget about whatever was undefined.

! Undefined control sequence.
<argument> P_5(H, \bm {m}, \bm 
                               {n})P_1(H, \bm {m}, \bm {n}) - P_3(H, \bm {m}...
l.270 ...m{m}, \bm{n}) - P_3(H, \bm{m}, \bm{n})^2}
                                                  ,
The control sequence at the end of the top line
of your error message was never \def'ed. If you have
misspelled it (e.g., `\hobx'), type `I' and the correct
spelling (e.g., `I\hbox'). Otherwise just continue,
and I'll forget about whatever was undefined.

! Undefined control sequence.
<argument> P_5(H, \bm {m}, \bm {n})P_1(H, \bm 
                                              {m}, \bm {n}) - P_3(H, \bm {m}...
l.270 ...m{m}, \bm{n}) - P_3(H, \bm{m}, \bm{n})^2}
                                                  ,
The control sequence at the end of the top line
of your error message was never \def'ed. If you have
misspelled it (e.g., `\hobx'), type `I' and the correct
spelling (e.g., `I\hbox'). Otherwise just continue,
and I'll forget about whatever was undefined.

! Undefined control sequence.
<argument> ...bm {m}, \bm {n})P_1(H, \bm {m}, \bm 
                                                  {n}) - P_3(H, \bm {m}, \bm...
l.270 ...m{m}, \bm{n}) - P_3(H, \bm{m}, \bm{n})^2}
                                                  ,
The control sequence at the end of the top line
of your error message was never \def'ed. If you have
misspelled it (e.g., `\hobx'), type `I' and the correct
spelling (e.g., `I\hbox'). Otherwise just continue,
and I'll forget about whatever was undefined.

! Undefined control sequence.
<argument> ...1(H, \bm {m}, \bm {n}) - P_3(H, \bm 
                                                  {m}, \bm {n})^2
l.270 ...m{m}, \bm{n}) - P_3(H, \bm{m}, \bm{n})^2}
                                                  ,
The control sequence at the end of the top line
of your error message was never \def'ed. If you have
misspelled it (e.g., `\hobx'), type `I' and the correct
spelling (e.g., `I\hbox'). Otherwise just continue,
and I'll forget about whatever was undefined.

! Undefined control sequence.
<argument> ...{m}, \bm {n}) - P_3(H, \bm {m}, \bm 
                                                  {n})^2
l.270 ...m{m}, \bm{n}) - P_3(H, \bm{m}, \bm{n})^2}
                                                  ,
The control sequence at the end of the top line
of your error message was never \def'ed. If you have
misspelled it (e.g., `\hobx'), type `I' and the correct
spelling (e.g., `I\hbox'). Otherwise just continue,
and I'll forget about whatever was undefined.

LaTeX Font Info:    External font `lmex10' loaded for size
(Font)              <10> on input line 277.
LaTeX Font Info:    External font `lmex10' loaded for size
(Font)              <7> on input line 277.
LaTeX Font Info:    External font `lmex10' loaded for size
(Font)              <5> on input line 277.
! Undefined control sequence.
l.277 $\displaystyle P_1(H, \bm
                               {m}, \bm{n}) = \sum_{t=1}^{m}\sum_{h=1}^H \mi...
The control sequence at the end of the top line
of your error message was never \def'ed. If you have
misspelled it (e.g., `\hobx'), type `I' and the correct
spelling (e.g., `I\hbox'). Otherwise just continue,
and I'll forget about whatever was undefined.

! Undefined control sequence.
l.277 $\displaystyle P_1(H, \bm{m}, \bm
                                       {n}) = \sum_{t=1}^{m}\sum_{h=1}^H \mi...
The control sequence at the end of the top line
of your error message was never \def'ed. If you have
misspelled it (e.g., `\hobx'), type `I' and the correct
spelling (e.g., `I\hbox'). Otherwise just continue,
and I'll forget about whatever was undefined.

! Undefined control sequence.
l.277 ... \bm{n}) = \sum_{t=1}^{m}\sum_{h=1}^H \mi
                                                  _{\{X_{t-1}^h=u \}} \g(\fr...
The control sequence at the end of the top line
of your error message was never \def'ed. If you have
misspelled it (e.g., `\hobx'), type `I' and the correct
spelling (e.g., `I\hbox'). Otherwise just continue,
and I'll forget about whatever was undefined.

! Double subscript.
l.277 ...\bm{n}) = \sum_{t=1}^{m}\sum_{h=1}^H \mi_
                                                  {\{X_{t-1}^h=u \}} \g(\fra...
I treat `x_1_2' essentially like `x_1{}_2'.

! Undefined control sequence.
l.277 ...{m}\sum_{h=1}^H \mi_{\{X_{t-1}^h=u \}} \g
                                                  (\frac{t}{n}\e)^2,$
The control sequence at the end of the top line
of your error message was never \def'ed. If you have
misspelled it (e.g., `\hobx'), type `I' and the correct
spelling (e.g., `I\hbox'). Otherwise just continue,
and I'll forget about whatever was undefined.

! Undefined control sequence.
l.277 ...H \mi_{\{X_{t-1}^h=u \}} \g(\frac{t}{n}\e
                                                  )^2,$
The control sequence at the end of the top line
of your error message was never \def'ed. If you have
misspelled it (e.g., `\hobx'), type `I' and the correct
spelling (e.g., `I\hbox'). Otherwise just continue,
and I'll forget about whatever was undefined.

! Undefined control sequence.
l.279 $\displaystyle P_2(H, \bm
                               {m}, \bm{n}) = \sum_{t=1}^{m} \sum_{h=1}^H\mi...
The control sequence at the end of the top line
of your error message was never \def'ed. If you have
misspelled it (e.g., `\hobx'), type `I' and the correct
spelling (e.g., `I\hbox'). Otherwise just continue,
and I'll forget about whatever was undefined.

! Undefined control sequence.
l.279 $\displaystyle P_2(H, \bm{m}, \bm
                                       {n}) = \sum_{t=1}^{m} \sum_{h=1}^H\mi...
The control sequence at the end of the top line
of your error message was never \def'ed. If you have
misspelled it (e.g., `\hobx'), type `I' and the correct
spelling (e.g., `I\hbox'). Otherwise just continue,
and I'll forget about whatever was undefined.

! Undefined control sequence.
l.279 ... \bm{n}) = \sum_{t=1}^{m} \sum_{h=1}^H\mi
                                                  _{\{X_{t-1}^h=u, X_t^h=v \...
The control sequence at the end of the top line
of your error message was never \def'ed. If you have
misspelled it (e.g., `\hobx'), type `I' and the correct
spelling (e.g., `I\hbox'). Otherwise just continue,
and I'll forget about whatever was undefined.

! Double subscript.
l.279 ...\bm{n}) = \sum_{t=1}^{m} \sum_{h=1}^H\mi_
                                                  {\{X_{t-1}^h=u, X_t^h=v \}...
I treat `x_1_2' essentially like `x_1{}_2'.

! Undefined control sequence.
l.279 ...{h=1}^H\mi_{\{X_{t-1}^h=u, X_t^h=v \}} \g
                                                  (1-\frac{t}{n}\e),$\\
The control sequence at the end of the top line
of your error message was never \def'ed. If you have
misspelled it (e.g., `\hobx'), type `I' and the correct
spelling (e.g., `I\hbox'). Otherwise just continue,
and I'll forget about whatever was undefined.

! Undefined control sequence.
l.279 ...{t-1}^h=u, X_t^h=v \}} \g(1-\frac{t}{n}\e
                                                  ),$\\
The control sequence at the end of the top line
of your error message was never \def'ed. If you have
misspelled it (e.g., `\hobx'), type `I' and the correct
spelling (e.g., `I\hbox'). Otherwise just continue,
and I'll forget about whatever was undefined.

! Undefined control sequence.
l.281 $\displaystyle P_3(H, \bm
                               {m}, \bm{n}) = \sum_{t=1}^{m}\sum_{h=1}^H\mi_...
The control sequence at the end of the top line
of your error message was never \def'ed. If you have
misspelled it (e.g., `\hobx'), type `I' and the correct
spelling (e.g., `I\hbox'). Otherwise just continue,
and I'll forget about whatever was undefined.

! Undefined control sequence.
l.281 $\displaystyle P_3(H, \bm{m}, \bm
                                       {n}) = \sum_{t=1}^{m}\sum_{h=1}^H\mi_...
The control sequence at the end of the top line
of your error message was never \def'ed. If you have
misspelled it (e.g., `\hobx'), type `I' and the correct
spelling (e.g., `I\hbox'). Otherwise just continue,
and I'll forget about whatever was undefined.

! Undefined control sequence.
l.281 ..., \bm{n}) = \sum_{t=1}^{m}\sum_{h=1}^H\mi
                                                  _{\{X_{t-1}^h=u \}} \g(1-\...
The control sequence at the end of the top line
of your error message was never \def'ed. If you have
misspelled it (e.g., `\hobx'), type `I' and the correct
spelling (e.g., `I\hbox'). Otherwise just continue,
and I'll forget about whatever was undefined.

! Double subscript.
l.281 ... \bm{n}) = \sum_{t=1}^{m}\sum_{h=1}^H\mi_
                                                  {\{X_{t-1}^h=u \}} \g(1-\f...
I treat `x_1_2' essentially like `x_1{}_2'.

! Undefined control sequence.
l.281 ...^{m}\sum_{h=1}^H\mi_{\{X_{t-1}^h=u \}} \g
                                                  (1-\frac{t}{n}\e)\g(\frac{...
The control sequence at the end of the top line
of your error message was never \def'ed. If you have
misspelled it (e.g., `\hobx'), type `I' and the correct
spelling (e.g., `I\hbox'). Otherwise just continue,
and I'll forget about whatever was undefined.

! Undefined control sequence.
l.281 ...\mi_{\{X_{t-1}^h=u \}} \g(1-\frac{t}{n}\e
                                                  )\g(\frac{t}{n}\e),$
The control sequence at the end of the top line
of your error message was never \def'ed. If you have
misspelled it (e.g., `\hobx'), type `I' and the correct
spelling (e.g., `I\hbox'). Otherwise just continue,
and I'll forget about whatever was undefined.

! Undefined control sequence.
l.281 ..._{\{X_{t-1}^h=u \}} \g(1-\frac{t}{n}\e)\g
                                                  (\frac{t}{n}\e),$
The control sequence at the end of the top line
of your error message was never \def'ed. If you have
misspelled it (e.g., `\hobx'), type `I' and the correct
spelling (e.g., `I\hbox'). Otherwise just continue,
and I'll forget about whatever was undefined.

! Undefined control sequence.
l.281 ...u \}} \g(1-\frac{t}{n}\e)\g(\frac{t}{n}\e
                                                  ),$
The control sequence at the end of the top line
of your error message was never \def'ed. If you have
misspelled it (e.g., `\hobx'), type `I' and the correct
spelling (e.g., `I\hbox'). Otherwise just continue,
and I'll forget about whatever was undefined.

! Undefined control sequence.
l.283 $\displaystyle 	P_4(H, \bm
                                {m}, \bm{n}) = \sum_{t=1}^{m}\sum_{h=1}^H\mi...
The control sequence at the end of the top line
of your error message was never \def'ed. If you have
misspelled it (e.g., `\hobx'), type `I' and the correct
spelling (e.g., `I\hbox'). Otherwise just continue,
and I'll forget about whatever was undefined.

! Undefined control sequence.
l.283 $\displaystyle 	P_4(H, \bm{m}, \bm
                                        {n}) = \sum_{t=1}^{m}\sum_{h=1}^H\mi...
The control sequence at the end of the top line
of your error message was never \def'ed. If you have
misspelled it (e.g., `\hobx'), type `I' and the correct
spelling (e.g., `I\hbox'). Otherwise just continue,
and I'll forget about whatever was undefined.

! Undefined control sequence.
l.283 ..., \bm{n}) = \sum_{t=1}^{m}\sum_{h=1}^H\mi
                                                  _{\{X_{t-1}^h=u, X_t^h=v \...
The control sequence at the end of the top line
of your error message was never \def'ed. If you have
misspelled it (e.g., `\hobx'), type `I' and the correct
spelling (e.g., `I\hbox'). Otherwise just continue,
and I'll forget about whatever was undefined.

! Double subscript.
l.283 ... \bm{n}) = \sum_{t=1}^{m}\sum_{h=1}^H\mi_
                                                  {\{X_{t-1}^h=u, X_t^h=v \}...
I treat `x_1_2' essentially like `x_1{}_2'.

! Undefined control sequence.
l.283 ..._{h=1}^H\mi_{\{X_{t-1}^h=u, X_t^h=v \}}\g
                                                  (\frac{t}{n}\e),$\\
The control sequence at the end of the top line
of your error message was never \def'ed. If you have
misspelled it (e.g., `\hobx'), type `I' and the correct
spelling (e.g., `I\hbox'). Otherwise just continue,
and I'll forget about whatever was undefined.

! Undefined control sequence.
l.283 ...{X_{t-1}^h=u, X_t^h=v \}}\g(\frac{t}{n}\e
                                                  ),$\\
The control sequence at the end of the top line
of your error message was never \def'ed. If you have
misspelled it (e.g., `\hobx'), type `I' and the correct
spelling (e.g., `I\hbox'). Otherwise just continue,
and I'll forget about whatever was undefined.

! Undefined control sequence.
l.285 $\displaystyle 	P_5(H, \bm
                                {m}, \bm{n}) = \displaystyle\sum_{t=1}^{m}\s...
The control sequence at the end of the top line
of your error message was never \def'ed. If you have
misspelled it (e.g., `\hobx'), type `I' and the correct
spelling (e.g., `I\hbox'). Otherwise just continue,
and I'll forget about whatever was undefined.

! Undefined control sequence.
l.285 $\displaystyle 	P_5(H, \bm{m}, \bm
                                        {n}) = \displaystyle\sum_{t=1}^{m}\s...
The control sequence at the end of the top line
of your error message was never \def'ed. If you have
misspelled it (e.g., `\hobx'), type `I' and the correct
spelling (e.g., `I\hbox'). Otherwise just continue,
and I'll forget about whatever was undefined.

! Undefined control sequence.
l.285 ...displaystyle\sum_{t=1}^{m}\sum_{h=1}^H\mi
                                                  _{\{X_{t-1}^h=u \}}\g(1-\f...
The control sequence at the end of the top line
of your error message was never \def'ed. If you have
misspelled it (e.g., `\hobx'), type `I' and the correct
spelling (e.g., `I\hbox'). Otherwise just continue,
and I'll forget about whatever was undefined.

! Double subscript.
l.285 ...isplaystyle\sum_{t=1}^{m}\sum_{h=1}^H\mi_
                                                  {\{X_{t-1}^h=u \}}\g(1-\fr...
I treat `x_1_2' essentially like `x_1{}_2'.

! Undefined control sequence.
l.285 ...}^{m}\sum_{h=1}^H\mi_{\{X_{t-1}^h=u \}}\g
                                                  (1-\frac{t}{n}\e)^2,$
The control sequence at the end of the top line
of your error message was never \def'ed. If you have
misspelled it (e.g., `\hobx'), type `I' and the correct
spelling (e.g., `I\hbox'). Otherwise just continue,
and I'll forget about whatever was undefined.

! Undefined control sequence.
l.285 ...H\mi_{\{X_{t-1}^h=u \}}\g(1-\frac{t}{n}\e
                                                  )^2,$
The control sequence at the end of the top line
of your error message was never \def'ed. If you have
misspelled it (e.g., `\hobx'), type `I' and the correct
spelling (e.g., `I\hbox'). Otherwise just continue,
and I'll forget about whatever was undefined.

! Undefined control sequence.
<recently read> \bm 
                    
l.286 with $\bm
               {m}=(m_1, \ldots, m_H)$ and $\bm{n}=(n_1, \ldots, n_H).$
The control sequence at the end of the top line
of your error message was never \def'ed. If you have
misspelled it (e.g., `\hobx'), type `I' and the correct
spelling (e.g., `I\hbox'). Otherwise just continue,
and I'll forget about whatever was undefined.

! Undefined control sequence.
<recently read> \bm 
                    
l.286 with $\bm{m}=(m_1, \ldots, m_H)$ and $\bm
                                               {n}=(n_1, \ldots, n_H).$
The control sequence at the end of the top line
of your error message was never \def'ed. If you have
misspelled it (e.g., `\hobx'), type `I' and the correct
spelling (e.g., `I\hbox'). Otherwise just continue,
and I'll forget about whatever was undefined.


! LaTeX Error: \begin{document} ended by \end{proposition}.

See the LaTeX manual or LaTeX Companion for explanation.
Type  H <return>  for immediate help.
 ...                                              
                                                  
l.289 \end{proposition}
                       
Your command was ignored.
Type  I <command> <return>  to replace it with another command,
or  <return>  to continue without it.


Package natbib Warning: Citation `BaVe2018' on page 4 undefined on input line 2
93.


Overfull \hbox (5.47499pt too wide) has occurred while \output is active
\T1/lmr/m/n/10.95 4 []
 []

[4]
! Undefined control sequence.
<argument> Section.\thesection .The \prolang 
                                             {drimmR} package.1
l.296 \section{The \prolang{drimmR} package}
                                             \label{section_package}
The control sequence at the end of the top line
of your error message was never \def'ed. If you have
misspelled it (e.g., `\hobx'), type `I' and the correct
spelling (e.g., `I\hbox'). Otherwise just continue,
and I'll forget about whatever was undefined.

! Undefined control sequence.
<argument> Section.\thesection .The \prolang 
                                             {drimmR} package.1
l.296 \section{The \prolang{drimmR} package}
                                             \label{section_package}
The control sequence at the end of the top line
of your error message was never \def'ed. If you have
misspelled it (e.g., `\hobx'), type `I' and the correct
spelling (e.g., `I\hbox'). Otherwise just continue,
and I'll forget about whatever was undefined.

! Undefined control sequence.
<argument> The \prolang 
                        {drimmR} package
l.296 \section{The \prolang{drimmR} package}
                                             \label{section_package}
The control sequence at the end of the top line
of your error message was never \def'ed. If you have
misspelled it (e.g., `\hobx'), type `I' and the correct
spelling (e.g., `I\hbox'). Otherwise just continue,
and I'll forget about whatever was undefined.

! Undefined control sequence.
<argument> ...]{Section.\thesection .The \prolang 
                                                  {drimmR} package.1}{\Hy@te...
l.296 \section{The \prolang{drimmR} package}
                                             \label{section_package}
The control sequence at the end of the top line
of your error message was never \def'ed. If you have
misspelled it (e.g., `\hobx'), type `I' and the correct
spelling (e.g., `I\hbox'). Otherwise just continue,
and I'll forget about whatever was undefined.

! Undefined control sequence.
<argument> Section.\thesection .The \prolang 
                                             {drimmR} package.1
l.296 \section{The \prolang{drimmR} package}
                                             \label{section_package}
The control sequence at the end of the top line
of your error message was never \def'ed. If you have
misspelled it (e.g., `\hobx'), type `I' and the correct
spelling (e.g., `I\hbox'). Otherwise just continue,
and I'll forget about whatever was undefined.

! Undefined control sequence.
<argument> \Large \thesection . The \prolang 
                                             {drimmR} package
l.296 \section{The \prolang{drimmR} package}
                                             \label{section_package}
The control sequence at the end of the top line
of your error message was never \def'ed. If you have
misspelled it (e.g., `\hobx'), type `I' and the correct
spelling (e.g., `I\hbox'). Otherwise just continue,
and I'll forget about whatever was undefined.

! Undefined control sequence.
l.298 The \prolang
                  {drimmR} package is principally devoted to the simulation ...
The control sequence at the end of the top line
of your error message was never \def'ed. If you have
misspelled it (e.g., `\hobx'), type `I' and the correct
spelling (e.g., `I\hbox'). Otherwise just continue,
and I'll forget about whatever was undefined.


Overfull \hbox (5.47499pt too wide) has occurred while \output is active
[] \T1/lmr/m/n/10.95 5
 []

[5]
Overfull \hbox (5.47499pt too wide) has occurred while \output is active
\T1/lmr/m/n/10.95 6 []
 []

[6]
Overfull \hbox (5.47499pt too wide) has occurred while \output is active
[] \T1/lmr/m/n/10.95 7
 []

[7

]
No file drimmR.bbl.

Overfull \hbox (5.47499pt too wide) has occurred while \output is active
\T1/lmr/m/n/10.95 8 []
 []

[8]
<fig.jpg, id=212, 1821.204pt x 2525.23425pt>
File: fig.jpg Graphic file (type jpg)
<use fig.jpg>
Package pdftex.def Info: fig.jpg  used on input line 505.
(pdftex.def)             Requested size: 309.85626pt x 429.63094pt.


Package natbib Warning: There were undefined citations.


Overfull \hbox (5.47499pt too wide) has occurred while \output is active
[] \T1/lmr/m/n/10.95 9
 []

[9

 <./fig.jpg>] (./drimmR.aux)

LaTeX Warning: There were undefined references.


Package rerunfilecheck Warning: File `drimmR.out' has changed.
(rerunfilecheck)                Rerun to get outlines right
(rerunfilecheck)                or use package `bookmark'.

Package rerunfilecheck Info: Checksums for `drimmR.out':
(rerunfilecheck)             Before: <no file>
(rerunfilecheck)             After:  634BE60E4AD730AE3B9B6127EE922C9D;1227.
 ) 
Here is how much of TeX's memory you used:
 9961 strings out of 481252
 145881 string characters out of 5913865
 692771 words of memory out of 5000000
 26538 multiletter control sequences out of 15000+600000
 484327 words of font info for 81 fonts, out of 8000000 for 9000
 14 hyphenation exceptions out of 8191
 86i,9n,88p,857b,1838s stack positions out of 5000i,500n,10000p,200000b,80000s
{c:/Users/seillale/AppData/Roaming/TinyTeX/texmf-dist/fonts/enc/dvips/lm/lm-e
c.enc}{c:/Users/seillale/AppData/Roaming/TinyTeX/texmf-dist/fonts/enc/dvips/lm/
lm-rm.enc}{c:/Users/seillale/AppData/Roaming/TinyTeX/texmf-dist/fonts/enc/dvips
/lm/lm-mathsy.enc}{c:/Users/seillale/AppData/Roaming/TinyTeX/texmf-dist/fonts/e
nc/dvips/lm/lm-mathit.enc}{c:/Users/seillale/AppData/Roaming/TinyTeX/texmf-dist
/fonts/enc/dvips/lm/lm-mathex.enc}{c:/Users/seillale/AppData/Roaming/TinyTeX/te
xmf-dist/fonts/enc/dvips/lm/lm-ts1.enc}<c:/Users/seillale/AppData/Roaming/TinyT
eX/texmf-dist/fonts/type1/public/lm/lmbx10.pfb><c:/Users/seillale/AppData/Roami
ng/TinyTeX/texmf-dist/fonts/type1/public/lm/lmbx12.pfb><c:/Users/seillale/AppDa
ta/Roaming/TinyTeX/texmf-dist/fonts/type1/public/lm/lmex10.pfb><c:/Users/seilla
le/AppData/Roaming/TinyTeX/texmf-dist/fonts/type1/public/lm/lmmi10.pfb><c:/User
s/seillale/AppData/Roaming/TinyTeX/texmf-dist/fonts/type1/public/lm/lmmi5.pfb><
c:/Users/seillale/AppData/Roaming/TinyTeX/texmf-dist/fonts/type1/public/lm/lmmi
6.pfb><c:/Users/seillale/AppData/Roaming/TinyTeX/texmf-dist/fonts/type1/public/
lm/lmmi7.pfb><c:/Users/seillale/AppData/Roaming/TinyTeX/texmf-dist/fonts/type1/
public/lm/lmmi8.pfb><c:/Users/seillale/AppData/Roaming/TinyTeX/texmf-dist/fonts
/type1/public/lm/lmr10.pfb><c:/Users/seillale/AppData/Roaming/TinyTeX/texmf-dis
t/fonts/type1/public/lm/lmr5.pfb><c:/Users/seillale/AppData/Roaming/TinyTeX/tex
mf-dist/fonts/type1/public/lm/lmr6.pfb><c:/Users/seillale/AppData/Roaming/TinyT
eX/texmf-dist/fonts/type1/public/lm/lmr7.pfb><c:/Users/seillale/AppData/Roaming
/TinyTeX/texmf-dist/fonts/type1/public/lm/lmr8.pfb><c:/Users/seillale/AppData/R
oaming/TinyTeX/texmf-dist/fonts/type1/public/lm/lmri10.pfb><c:/Users/seillale/A
ppData/Roaming/TinyTeX/texmf-dist/fonts/type1/public/lm/lmri12.pfb><c:/Users/se
illale/AppData/Roaming/TinyTeX/texmf-dist/fonts/type1/public/lm/lmro10.pfb><c:/
Users/seillale/AppData/Roaming/TinyTeX/texmf-dist/fonts/type1/public/lm/lmss10.
pfb><c:/Users/seillale/AppData/Roaming/TinyTeX/texmf-dist/fonts/type1/public/lm
/lmssbx10.pfb><c:/Users/seillale/AppData/Roaming/TinyTeX/texmf-dist/fonts/type1
/public/lm/lmsy10.pfb><c:/Users/seillale/AppData/Roaming/TinyTeX/texmf-dist/fon
ts/type1/public/lm/lmsy5.pfb><c:/Users/seillale/AppData/Roaming/TinyTeX/texmf-d
ist/fonts/type1/public/lm/lmsy7.pfb><c:/Users/seillale/AppData/Roaming/TinyTeX/
texmf-dist/fonts/type1/public/lm/lmsy8.pfb><c:/Users/seillale/AppData/Roaming/T
inyTeX/texmf-dist/fonts/type1/public/lm/lmtt10.pfb><c:/Users/seillale/AppData/R
oaming/TinyTeX/texmf-dist/fonts/type1/public/lm/lmtt9.pfb><c:/Users/seillale/Ap
pData/Roaming/TinyTeX/texmf-dist/fonts/type1/public/amsfonts/symbols/msbm10.pfb
>
Output written on drimmR.pdf (9 pages, 963277 bytes).
PDF statistics:
 338 PDF objects out of 1000 (max. 8388607)
 298 compressed objects within 3 object streams
 150 named destinations out of 1000 (max. 500000)
 6 words of extra memory for PDF output out of 10000 (max. 10000000)

